[debug] [2026-06-11T20:16:04.345Z] ----------------------------------------------------------------------
[debug] [2026-06-11T20:16:04.349Z] Command:       /home/qwerty/.config/nvm/versions/node/v22.22.3/bin/node /home/qwerty/PROJETS/ICTL2/202/SpotifyClone/node_modules/.bin/firebase projects:list
[debug] [2026-06-11T20:16:04.350Z] CLI Version:   15.18.0
[debug] [2026-06-11T20:16:04.350Z] Platform:      linux
[debug] [2026-06-11T20:16:04.351Z] Node Version:  v22.22.3
[debug] [2026-06-11T20:16:04.351Z] Time:          Thu Jun 11 2026 21:16:04 GMT+0100 (UTC+01:00)
[debug] [2026-06-11T20:16:04.351Z] ----------------------------------------------------------------------
[debug] 
[debug] [2026-06-11T20:16:04.355Z] >>> [apiv2][query] GET https://firebase-public.firebaseio.com/cli.json [none]
[debug] [2026-06-11T20:16:04.393Z] > command requires scopes: ["email","openid","https://www.googleapis.com/auth/cloudplatformprojects.readonly","https://www.googleapis.com/auth/firebase","https://www.googleapis.com/auth/cloud-platform"]
[debug] [2026-06-11T20:16:04.394Z] > authorizing via signed-in user (elsonkjimmy@gmail.com)
[debug] [2026-06-11T20:16:04.401Z] Checked if tokens are valid: false, expires at: 1779780644430
[debug] [2026-06-11T20:16:04.401Z] Checked if tokens are valid: false, expires at: 1779780644430
[debug] [2026-06-11T20:16:04.402Z] > refreshing access token with scopes: []
[debug] [2026-06-11T20:16:04.406Z] >>> [apiv2][query] POST https://www.googleapis.com/oauth2/v3/token [none]
[debug] [2026-06-11T20:16:04.407Z] >>> [apiv2][body] POST https://www.googleapis.com/oauth2/v3/token [omitted]
[debug] [2026-06-11T20:16:10.174Z] <<< [apiv2][status] GET https://firebase-public.firebaseio.com/cli.json 200
[debug] [2026-06-11T20:16:10.175Z] <<< [apiv2][body] GET https://firebase-public.firebaseio.com/cli.json {"cloudBuildErrorAfter":1594252800000,"cloudBuildWarnAfter":1590019200000,"defaultNode10After":1594252800000,"minVersion":"3.0.5","node8DeploysDisabledAfter":1613390400000,"node8RuntimeDisabledAfter":1615809600000,"node8WarnAfter":1600128000000}
[debug] [2026-06-11T20:16:27.590Z] <<< [apiv2][status] POST https://www.googleapis.com/oauth2/v3/token 200
[debug] [2026-06-11T20:16:27.591Z] <<< [apiv2][body] POST https://www.googleapis.com/oauth2/v3/token [omitted]
[debug] [2026-06-11T20:16:27.607Z] >>> [apiv2][query] GET https://firebase.googleapis.com/v1beta1/projects pageSize=1000
[debug] [2026-06-11T20:16:29.931Z] *** [apiv2] error from fetch(https://firebase.googleapis.com/v1beta1/projects?pageSize=1000, {"headers":{},"method":"GET","signal":{"reason":""}}): FetchError: request to https://firebase.googleapis.com/v1beta1/projects?pageSize=1000 failed, reason: 
[debug] [2026-06-11T20:16:29.932Z] Failed to make request to https://firebase.googleapis.com/v1beta1/projects?pageSize=1000
[debug] [2026-06-11T20:16:31.384Z] FirebaseError: Failed to make request to https://firebase.googleapis.com/v1beta1/projects?pageSize=1000
    at RetryOperation._fn (/home/qwerty/PROJETS/ICTL2/202/SpotifyClone/node_modules/firebase-tools/lib/apiv2.js:282:31)
    at process.processTicksAndRejections (node:internal/process/task_queues:103:5)
[error] 
[error] Error: Failed to list Firebase projects. See firebase-debug.log for more info.
